2025-01-20 21:25:31,237 - INFO - __init__.py:84 - First time Hailo Dataflow Compiler is being used. Checking system requirements... (this might take a few seconds)
2025-01-21 14:01:22,067 - INFO - parser.py:162 - Translation started on ONNX model yolo11n
2025-01-21 14:01:22,120 - INFO - parser.py:197 - Restored ONNX model yolo11n (completion time: 00:00:00.05)
2025-01-21 14:01:22,256 - INFO - parser.py:220 - Extracted ONNXRuntime meta-data for Hailo model (completion time: 00:00:00.19)
2025-01-21 14:19:51,055 - INFO - parser.py:162 - Translation started on ONNX model yolo11n
2025-01-21 14:19:51,117 - INFO - parser.py:197 - Restored ONNX model yolo11n (completion time: 00:00:00.06)
2025-01-21 14:19:51,243 - INFO - parser.py:220 - Extracted ONNXRuntime meta-data for Hailo model (completion time: 00:00:00.19)
2025-01-21 14:20:26,404 - INFO - parser.py:162 - Translation started on ONNX model yolo11n
2025-01-21 14:20:26,434 - INFO - parser.py:197 - Restored ONNX model yolo11n (completion time: 00:00:00.03)
2025-01-21 14:20:40,283 - INFO - parser.py:162 - Translation started on ONNX model yolo11n
2025-01-21 14:20:40,323 - INFO - parser.py:197 - Restored ONNX model yolo11n (completion time: 00:00:00.04)
2025-01-21 14:20:40,441 - INFO - parser.py:220 - Extracted ONNXRuntime meta-data for Hailo model (completion time: 00:00:00.16)
2025-01-21 14:21:15,915 - INFO - parser.py:162 - Translation started on ONNX model yolo11n
2025-01-21 14:21:15,942 - INFO - parser.py:197 - Restored ONNX model yolo11n (completion time: 00:00:00.03)
2025-01-21 14:21:16,059 - INFO - parser.py:220 - Extracted ONNXRuntime meta-data for Hailo model (completion time: 00:00:00.14)
2025-01-21 14:21:27,320 - INFO - parser.py:162 - Translation started on ONNX model yolo11n
2025-01-21 14:21:27,345 - INFO - parser.py:197 - Restored ONNX model yolo11n (completion time: 00:00:00.03)
2025-01-21 14:21:27,467 - INFO - parser.py:220 - Extracted ONNXRuntime meta-data for Hailo model (completion time: 00:00:00.15)
2025-01-21 14:21:28,101 - INFO - parser.py:278 - Simplified ONNX model for a parsing retry attempt (completion time: 00:00:00.78)
2025-01-21 14:30:11,547 - INFO - parser.py:76 - Translation started on Tensorflow model yolo11n
2025-01-21 14:30:40,610 - INFO - parser.py:76 - Translation started on Tensorflow model yolo11n
2025-01-21 14:31:12,060 - INFO - parser.py:162 - Translation started on ONNX model yolo11n
2025-01-21 14:31:12,127 - INFO - parser.py:197 - Restored ONNX model yolo11n (completion time: 00:00:00.07)
2025-01-21 14:31:12,251 - INFO - parser.py:220 - Extracted ONNXRuntime meta-data for Hailo model (completion time: 00:00:00.19)
2025-01-21 14:31:12,859 - INFO - parser.py:278 - Simplified ONNX model for a parsing retry attempt (completion time: 00:00:00.80)
2025-01-21 14:33:21,192 - INFO - parser.py:162 - Translation started on ONNX model yolo11n
2025-01-21 14:33:21,235 - INFO - parser.py:197 - Restored ONNX model yolo11n (completion time: 00:00:00.04)
2025-01-21 14:33:21,370 - INFO - parser.py:220 - Extracted ONNXRuntime meta-data for Hailo model (completion time: 00:00:00.18)
2025-01-21 14:33:21,955 - INFO - onnx_translator.py:2569 - NMS structure of yolov8 (or equivalent architecture) was detected.
2025-01-21 14:33:21,956 - INFO - onnx_translator.py:2571 - In order to use HailoRT post-processing capabilities, these end node names should be used: /model.23/cv2.0/cv2.0.2/Conv /model.23/cv3.0/cv3.0.2/Conv /model.23/cv2.1/cv2.1.2/Conv /model.23/cv3.1/cv3.1.2/Conv /model.23/cv2.2/cv2.2.2/Conv /model.23/cv3.2/cv3.2.2/Conv.
2025-01-21 14:33:22,053 - INFO - parser.py:377 - Start nodes mapped from original model: 'images': 'yolo11n/input_layer1'.
2025-01-21 14:33:22,053 - INFO - parser.py:378 - End nodes mapped from original model: '/model.23/Concat_3'.
2025-01-21 14:33:22,134 - INFO - parser.py:292 - Translation completed on ONNX model yolo11n (completion time: 00:00:00.94)
2025-01-21 14:33:54,243 - INFO - parser.py:162 - Translation started on ONNX model yolo11n
2025-01-21 14:33:54,278 - INFO - parser.py:197 - Restored ONNX model yolo11n (completion time: 00:00:00.04)
2025-01-21 14:33:54,389 - INFO - parser.py:220 - Extracted ONNXRuntime meta-data for Hailo model (completion time: 00:00:00.15)
2025-01-21 14:33:59,255 - INFO - parser.py:162 - Translation started on ONNX model yolo11n
2025-01-21 14:33:59,280 - INFO - parser.py:197 - Restored ONNX model yolo11n (completion time: 00:00:00.03)
2025-01-21 14:33:59,392 - INFO - parser.py:220 - Extracted ONNXRuntime meta-data for Hailo model (completion time: 00:00:00.14)
2025-01-21 14:34:04,939 - INFO - parser.py:162 - Translation started on ONNX model yolo11n
2025-01-21 14:34:04,980 - INFO - parser.py:197 - Restored ONNX model yolo11n (completion time: 00:00:00.04)
2025-01-21 14:34:05,102 - INFO - parser.py:220 - Extracted ONNXRuntime meta-data for Hailo model (completion time: 00:00:00.16)
2025-01-21 14:34:29,629 - INFO - parser.py:162 - Translation started on ONNX model yolo11n
2025-01-21 14:34:29,672 - INFO - parser.py:197 - Restored ONNX model yolo11n (completion time: 00:00:00.04)
2025-01-21 14:34:29,818 - INFO - parser.py:220 - Extracted ONNXRuntime meta-data for Hailo model (completion time: 00:00:00.19)
2025-01-21 14:34:30,683 - INFO - onnx_translator.py:2569 - NMS structure of yolov8 (or equivalent architecture) was detected.
2025-01-21 14:34:30,684 - INFO - onnx_translator.py:2571 - In order to use HailoRT post-processing capabilities, these end node names should be used: /model.23/cv2.0/cv2.0.2/Conv /model.23/cv3.0/cv3.0.2/Conv /model.23/cv2.1/cv2.1.2/Conv /model.23/cv3.1/cv3.1.2/Conv /model.23/cv2.2/cv2.2.2/Conv /model.23/cv3.2/cv3.2.2/Conv.
2025-01-21 14:34:30,780 - INFO - parser.py:377 - Start nodes mapped from original model: 'images': 'yolo11n/input_layer1'.
2025-01-21 14:34:30,781 - INFO - parser.py:378 - End nodes mapped from original model: '/model.23/Concat_3'.
2025-01-21 14:34:30,863 - INFO - parser.py:292 - Translation completed on ONNX model yolo11n (completion time: 00:00:01.23)
2025-01-21 14:36:57,664 - INFO - client_runner.py:1864 - Saved HAR to: /mnt/share_nvme/repo/hailo_8_env/tutorial/yolo11n.har
2025-01-21 14:39:28,238 - INFO - parser.py:162 - Translation started on ONNX model yolo11n
2025-01-21 14:39:28,292 - INFO - parser.py:197 - Restored ONNX model yolo11n (completion time: 00:00:00.05)
2025-01-21 14:39:28,421 - INFO - parser.py:220 - Extracted ONNXRuntime meta-data for Hailo model (completion time: 00:00:00.18)
2025-01-21 14:39:29,018 - INFO - onnx_translator.py:2569 - NMS structure of yolov8 (or equivalent architecture) was detected.
2025-01-21 14:39:29,019 - INFO - onnx_translator.py:2571 - In order to use HailoRT post-processing capabilities, these end node names should be used: /model.23/cv2.0/cv2.0.2/Conv /model.23/cv3.0/cv3.0.2/Conv /model.23/cv2.1/cv2.1.2/Conv /model.23/cv3.1/cv3.1.2/Conv /model.23/cv2.2/cv2.2.2/Conv /model.23/cv3.2/cv3.2.2/Conv.
2025-01-21 14:39:29,117 - INFO - parser.py:377 - Start nodes mapped from original model: 'images': 'yolo11n/input_layer1'.
2025-01-21 14:39:29,118 - INFO - parser.py:378 - End nodes mapped from original model: '/model.23/Concat_3'.
2025-01-21 14:39:29,199 - INFO - parser.py:292 - Translation completed on ONNX model yolo11n (completion time: 00:00:00.96)
2025-01-21 14:39:33,920 - INFO - client_runner.py:1864 - Saved HAR to: /mnt/share_nvme/repo/hailo_8_env/tutorial/yolo11n.har
